[0m10:53:00.978852 [debug] [MainThread]: Sending event: {'category': 'dbt', 'action': 'invocation', 'label': 'start', 'context': [<snowplow_tracker.self_describing_json.SelfDescribingJson object at 0x000001FAC8FFA390>, <snowplow_tracker.self_describing_json.SelfDescribingJson object at 0x000001FAC8FF9C50>, <snowplow_tracker.self_describing_json.SelfDescribingJson object at 0x000001FAC8FFB890>]}


============================== 10:53:00.989928 | f6e96e12-0ce0-4cca-9aec-238147c75661 ==============================
[0m10:53:00.989928 [info ] [MainThread]: Running with dbt=1.11.9
[0m10:53:00.991960 [debug] [MainThread]: running dbt with arguments {'static_parser': 'True', 'no_print': 'None', 'version_check': 'True', 'target_path': 'None', 'warn_error_options': 'WarnErrorOptionsV2(error=[], warn=[], silence=[])', 'printer_width': '80', 'write_json': 'True', 'introspect': 'True', 'log_cache_events': 'False', 'empty': 'None', 'cache_selected_only': 'False', 'log_format': 'default', 'debug': 'False', 'fail_fast': 'False', 'profiles_dir': 'C:\\Users\\Saket Tommundrum\\.dbt', 'send_anonymous_usage_stats': 'True', 'quiet': 'False', 'warn_error': 'None', 'partial_parse': 'True', 'indirect_selection': 'eager', 'invocation_command': 'dbt init netflix', 'use_colors': 'True', 'use_experimental_parser': 'False', 'log_path': 'logs'}
[0m10:53:01.039964 [debug] [MainThread]: Starter project path: C:\Users\Saket Tommundrum\netflix-dbt\netflix-dbt-env\Lib\site-packages\dbt\include\starter_project
[0m10:53:01.080098 [info ] [MainThread]: 
Your new dbt project "netflix" was created!

For more information on how to configure the profiles.yml file,
please consult the dbt documentation here:

  https://docs.getdbt.com/docs/configure-your-profile

One more thing:

Need help? Don't hesitate to reach out to us via GitHub issues or on Slack:

  https://community.getdbt.com/

Happy modeling!

[0m10:53:01.082626 [info ] [MainThread]: Setting up your profile.
[0m10:57:59.974173 [info ] [MainThread]: Profile netflix written to C:\Users\Saket Tommundrum\.dbt\profiles.yml using target's profile_template.yml and your supplied values. Run 'dbt debug' to validate the connection.
[0m10:57:59.981179 [debug] [MainThread]: Command `dbt init` succeeded at 10:57:59.980182 after 299.18 seconds
[0m10:57:59.982689 [debug] [MainThread]: Sending event: {'category': 'dbt', 'action': 'invocation', 'label': 'end', 'context': [<snowplow_tracker.self_describing_json.SelfDescribingJson object at 0x000001FAC9005C50>, <snowplow_tracker.self_describing_json.SelfDescribingJson object at 0x000001FAC243CE50>, <snowplow_tracker.self_describing_json.SelfDescribingJson object at 0x000001FAC8FEFDD0>]}
[0m10:57:59.985268 [debug] [MainThread]: Flushing usage events
[0m10:58:00.951344 [debug] [MainThread]: An error was encountered while trying to flush usage events
{"data":{"log_version":3,"version":"=2.0.0-preview.175"},"info":{"category":"","code":"A001","extra":{},"invocation_id":"019e0316-0cbc-77d1-a8b6-4e8bbb5b32d8","level":"info","msg":"Running with dbt-fusion=2.0.0-preview.175","name":"MainReportVersion","pid":45644,"thread":"tokio-rt-worker","ts":"2026-05-07T15:37:17.303256Z"}}
{"data":{"args":{"debug":"false","invocation_command":"C:\\Users\\Saket Tommundrum\\.local\\bin\\dbt.exe license info --json --log-format json","log_format":"json","quiet":"false","write_json":"true"}},"info":{"category":"","code":"A002","extra":{},"invocation_id":"019e0316-0cbc-77d1-a8b6-4e8bbb5b32d8","level":"debug","msg":"running dbt-fusion with arguments {\"command\":\"license\",\"vars\":\"{}\",\"limit\":\"10\",\"debug\":false,\"log_format\":\"json\",\"quiet\":false,\"write_json\":true,\"write_catalog\":false}","name":"MainReportArgs","pid":45644,"thread":"tokio-rt-worker","ts":"2026-05-07T15:37:17.304379Z"}}
{"data":{},"info":{"category":"","code":"","extra":{},"invocation_id":"019e0316-0cbc-77d1-a8b6-4e8bbb5b32d8","level":"debug","msg":"No active cloud project configured, skipping remote license","name":"Generic","pid":45644,"thread":"tokio-rt-worker","ts":"2026-05-07T15:37:17.318075Z"}}
{"data":{"columns":[],"is_inline":true,"node_name":"license_info","output_format":"json","preview":"{\n  \"status\": \"not_found\",\n  \"licensing_enabled\": true\n}","unique_id":"license.info"},"info":{"category":"","code":"Q041","extra":{},"invocation_id":"019e0316-0cbc-77d1-a8b6-4e8bbb5b32d8","level":"info","msg":"{\n  \"status\": \"not_found\",\n  \"licensing_enabled\": true\n}","name":"ShowNode","pid":45644,"thread":"tokio-rt-worker","ts":"2026-05-07T15:37:17.320093Z"}}
{"data":{"completed_at":"2026-05-07T15:37:17.796031Z","elapsed":0.4944815933704376,"success":true},"info":{"category":"","code":"Q039","extra":{},"invocation_id":"019e0316-0cbc-77d1-a8b6-4e8bbb5b32d8","level":"info","msg":"\n==================== Execution Summary =====================\nFinished 'license' successfully [494ms]","name":"CommandCompleted","pid":45644,"thread":"tokio-rt-worker","ts":"2026-05-07T15:37:17.798410Z"}}
{"data":{"log_version":3,"version":"=2.0.0-preview.175"},"info":{"category":"","code":"A001","extra":{},"invocation_id":"019e03cb-438a-78b1-b7ec-cf41543e0acb","level":"info","msg":"Running with dbt-fusion=2.0.0-preview.175","name":"MainReportVersion","pid":22276,"thread":"tokio-rt-worker","ts":"2026-05-07T18:55:13.352001Z"}}
{"data":{"args":{"debug":"false","invocation_command":"C:\\Users\\Saket Tommundrum\\.local\\bin\\dbt.exe license info --json --log-format json","log_format":"json","quiet":"false","write_json":"true"}},"info":{"category":"","code":"A002","extra":{},"invocation_id":"019e03cb-438a-78b1-b7ec-cf41543e0acb","level":"debug","msg":"running dbt-fusion with arguments {\"command\":\"license\",\"vars\":\"{}\",\"limit\":\"10\",\"debug\":false,\"log_format\":\"json\",\"quiet\":false,\"write_json\":true,\"write_catalog\":false}","name":"MainReportArgs","pid":22276,"thread":"tokio-rt-worker","ts":"2026-05-07T18:55:13.353711Z"}}
{"data":{},"info":{"category":"","code":"","extra":{},"invocation_id":"019e03cb-438a-78b1-b7ec-cf41543e0acb","level":"debug","msg":"No active cloud project configured, skipping remote license","name":"Generic","pid":22276,"thread":"tokio-rt-worker","ts":"2026-05-07T18:55:13.367247Z"}}
{"data":{"columns":[],"is_inline":true,"node_name":"license_info","output_format":"json","preview":"{\n  \"status\": \"not_found\",\n  \"licensing_enabled\": true\n}","unique_id":"license.info"},"info":{"category":"","code":"Q041","extra":{},"invocation_id":"019e03cb-438a-78b1-b7ec-cf41543e0acb","level":"info","msg":"{\n  \"status\": \"not_found\",\n  \"licensing_enabled\": true\n}","name":"ShowNode","pid":22276,"thread":"tokio-rt-worker","ts":"2026-05-07T18:55:13.371569Z"}}
{"data":{"completed_at":"2026-05-07T18:55:13.805280Z","elapsed":0.45940348505973816,"success":true},"info":{"category":"","code":"Q039","extra":{},"invocation_id":"019e03cb-438a-78b1-b7ec-cf41543e0acb","level":"info","msg":"\n==================== Execution Summary =====================\nFinished 'license' successfully [459ms]","name":"CommandCompleted","pid":22276,"thread":"tokio-rt-worker","ts":"2026-05-07T18:55:13.807370Z"}}
{"data":{"log_version":3,"version":"=2.0.0-preview.175"},"info":{"category":"","code":"A001","extra":{},"invocation_id":"019e03cc-7232-7d42-a211-28db2219cc7a","level":"info","msg":"Running with dbt-fusion=2.0.0-preview.175","name":"MainReportVersion","pid":59912,"thread":"tokio-rt-worker","ts":"2026-05-07T18:56:30.860928Z"}}
{"data":{"args":{"debug":"false","invocation_command":"C:\\Users\\Saket Tommundrum\\.local\\bin\\dbt.exe license info --json --log-format json","log_format":"json","quiet":"false","write_json":"true"}},"info":{"category":"","code":"A002","extra":{},"invocation_id":"019e03cc-7232-7d42-a211-28db2219cc7a","level":"debug","msg":"running dbt-fusion with arguments {\"command\":\"license\",\"vars\":\"{}\",\"limit\":\"10\",\"debug\":false,\"log_format\":\"json\",\"quiet\":false,\"write_json\":true,\"write_catalog\":false}","name":"MainReportArgs","pid":59912,"thread":"tokio-rt-worker","ts":"2026-05-07T18:56:30.861133Z"}}
{"data":{},"info":{"category":"","code":"","extra":{},"invocation_id":"019e03cc-7232-7d42-a211-28db2219cc7a","level":"debug","msg":"No active cloud project configured, skipping remote license","name":"Generic","pid":59912,"thread":"tokio-rt-worker","ts":"2026-05-07T18:56:30.871926Z"}}
{"data":{"columns":[],"is_inline":true,"node_name":"license_info","output_format":"json","preview":"{\n  \"status\": \"not_found\",\n  \"licensing_enabled\": true\n}","unique_id":"license.info"},"info":{"category":"","code":"Q041","extra":{},"invocation_id":"019e03cc-7232-7d42-a211-28db2219cc7a","level":"info","msg":"{\n  \"status\": \"not_found\",\n  \"licensing_enabled\": true\n}","name":"ShowNode","pid":59912,"thread":"tokio-rt-worker","ts":"2026-05-07T18:56:30.874446Z"}}
{"data":{"completed_at":"2026-05-07T18:56:31.336411Z","elapsed":0.47841331362724304,"success":true},"info":{"category":"","code":"Q039","extra":{},"invocation_id":"019e03cc-7232-7d42-a211-28db2219cc7a","level":"info","msg":"\n==================== Execution Summary =====================\nFinished 'license' successfully [478ms]","name":"CommandCompleted","pid":59912,"thread":"tokio-rt-worker","ts":"2026-05-07T18:56:31.338545Z"}}
